0 info it worked if it ends with ok
1 verbose cli [ 'C:\\Program Files\\nodejs\\node.exe',
1 verbose cli   'C:\\Program Files\\nodejs\\node_modules\\npm\\bin\\npm-cli.js',
1 verbose cli   'start' ]
2 info using npm@3.10.10
3 info using node@v6.11.3
4 verbose run-script [ 'prestart', 'start', 'poststart' ]
5 info lifecycle server@1.0.0~prestart: server@1.0.0
6 silly lifecycle server@1.0.0~prestart: no script for prestart, continuing
7 info lifecycle server@1.0.0~start: server@1.0.0
8 verbose lifecycle server@1.0.0~start: unsafe-perm in lifecycle true
9 verbose lifecycle server@1.0.0~start: PATH: C:\Users\tbilb\AppData\Roaming\nvm\v6.11.3\node_modules\npm\bin\node-gyp-bin;C:\Users\tbilb\Desktop\ComputerPrograming\fccVue\myfirstVuejs\server\node_modules\.bin;C:\android-ndk-r13b;C:\ProgramData\Oracle\Java\javapath;C:\Users\tbilb\AppData\Local\Android\sdk\tools;C:\Users\tbilb\AppData\Local\Android\sdk\platform-tools;C:\Program Files\Java\jdk1.8.0_73\bin;C:\Program Files\Java\jdk1.8.0_73;C:\tess\android-ndk-r13b;C:\Program Files\Git\cmd;C:\WINDOWS\system32;C:\WINDOWS;C:\WINDOWS\System32\Wbem;C:\WINDOWS\System32\WindowsPowerShell\v1.0\;C:\Program Files (x86)\Brackets\command;%NVM_HOME%;%NVM_SYMLINK%;C:\Ruby24-x64\bin;C:\Users\tbilb\AppData\Local\Microsoft\WindowsApps;C:\Users\tbilb\AppData\Roaming\npm;C:\Users\tbilb\AppData\Roaming\nvm;C:\Program Files\nodejs;C:\Program Files\Microsoft VS Code\bin
10 verbose lifecycle server@1.0.0~start: CWD: C:\Users\tbilb\Desktop\ComputerPrograming\fccVue\myfirstVuejs\server
11 silly lifecycle server@1.0.0~start: Args: [ '/d /s /c',
11 silly lifecycle   'server/node_modules/nodemon/bin/nodemon.js src/app.js --exec \'npm run lint && node\'' ]
12 silly lifecycle server@1.0.0~start: Returned: code: 1  signal: null
13 info lifecycle server@1.0.0~start: Failed to exec start script
14 verbose stack Error: server@1.0.0 start: `server/node_modules/nodemon/bin/nodemon.js src/app.js --exec 'npm run lint && node'`
14 verbose stack Exit status 1
14 verbose stack     at EventEmitter.<anonymous> (C:\Users\tbilb\AppData\Roaming\nvm\v6.11.3\node_modules\npm\lib\utils\lifecycle.js:255:16)
14 verbose stack     at emitTwo (events.js:106:13)
14 verbose stack     at EventEmitter.emit (events.js:191:7)
14 verbose stack     at ChildProcess.<anonymous> (C:\Users\tbilb\AppData\Roaming\nvm\v6.11.3\node_modules\npm\lib\utils\spawn.js:40:14)
14 verbose stack     at emitTwo (events.js:106:13)
14 verbose stack     at ChildProcess.emit (events.js:191:7)
14 verbose stack     at maybeClose (internal/child_process.js:920:16)
14 verbose stack     at Process.ChildProcess._handle.onexit (internal/child_process.js:230:5)
15 verbose pkgid server@1.0.0
16 verbose cwd C:\Users\tbilb\Desktop\ComputerPrograming\fccVue\myfirstVuejs\server
17 error Windows_NT 10.0.15063
18 error argv "C:\\Program Files\\nodejs\\node.exe" "C:\\Program Files\\nodejs\\node_modules\\npm\\bin\\npm-cli.js" "start"
19 error node v6.11.3
20 error npm  v3.10.10
21 error code ELIFECYCLE
22 error server@1.0.0 start: `server/node_modules/nodemon/bin/nodemon.js src/app.js --exec 'npm run lint && node'`
22 error Exit status 1
23 error Failed at the server@1.0.0 start script 'server/node_modules/nodemon/bin/nodemon.js src/app.js --exec 'npm run lint && node''.
23 error Make sure you have the latest version of node.js and npm installed.
23 error If you do, this is most likely a problem with the server package,
23 error not with npm itself.
23 error Tell the author that this fails on your system:
23 error     server/node_modules/nodemon/bin/nodemon.js src/app.js --exec 'npm run lint && node'
23 error You can get information on how to open an issue for this project with:
23 error     npm bugs server
23 error Or if that isn't available, you can get their info via:
23 error     npm owner ls server
23 error There is likely additional logging output above.
24 verbose exit [ 1, true ]
